[30-Nov-2025 03:17:50 UTC] PHP Warning:  Version warning: Imagick was compiled against ImageMagick version 1808 but version 1809 is loaded. Imagick will run but may behave surprisingly in Unknown on line 0
[30-Nov-2025 03:17:50 UTC] PHP Warning:  Version warning: Imagick was compiled against ImageMagick version 1808 but version 1809 is loaded. Imagick will run but may behave surprisingly in Unknown on line 0
[30-Nov-2025 03:17:51 UTC] PHP Warning:  Version warning: Imagick was compiled against ImageMagick version 1808 but version 1809 is loaded. Imagick will run but may behave surprisingly in Unknown on line 0
[30-Nov-2025 03:17:51 UTC] PHP Warning:  Version warning: Imagick was compiled against ImageMagick version 1808 but version 1809 is loaded. Imagick will run but may behave surprisingly in Unknown on line 0
[30-Nov-2025 03:17:52 UTC] PHP Warning:  Version warning: Imagick was compiled against ImageMagick version 1808 but version 1809 is loaded. Imagick will run but may behave surprisingly in Unknown on line 0
[30-Nov-2025 03:17:53 UTC] PHP Warning:  Version warning: Imagick was compiled against ImageMagick version 1808 but version 1809 is loaded. Imagick will run but may behave surprisingly in Unknown on line 0
[30-Nov-2025 03:17:54 UTC] PHP Warning:  Version warning: Imagick was compiled against ImageMagick version 1808 but version 1809 is loaded. Imagick will run but may behave surprisingly in Unknown on line 0
[30-Nov-2025 03:17:55 UTC] PHP Warning:  Version warning: Imagick was compiled against ImageMagick version 1808 but version 1809 is loaded. Imagick will run but may behave surprisingly in Unknown on line 0
[30-Nov-2025 03:17:55 UTC] PHP Warning:  Version warning: Imagick was compiled against ImageMagick version 1808 but version 1809 is loaded. Imagick will run but may behave surprisingly in Unknown on line 0
[30-Nov-2025 03:18:28 UTC] PHP Warning:  Version warning: Imagick was compiled against ImageMagick version 1808 but version 1809 is loaded. Imagick will run but may behave surprisingly in Unknown on line 0
[30-Nov-2025 03:18:29 UTC] PHP Warning:  Version warning: Imagick was compiled against ImageMagick version 1808 but version 1809 is loaded. Imagick will run but may behave surprisingly in Unknown on line 0
[30-Nov-2025 03:18:31 UTC] PHP Warning:  Version warning: Imagick was compiled against ImageMagick version 1808 but version 1809 is loaded. Imagick will run but may behave surprisingly in Unknown on line 0
[30-Nov-2025 03:18:32 UTC] PHP Warning:  Version warning: Imagick was compiled against ImageMagick version 1808 but version 1809 is loaded. Imagick will run but may behave surprisingly in Unknown on line 0
[30-Nov-2025 03:18:34 UTC] PHP Warning:  Version warning: Imagick was compiled against ImageMagick version 1808 but version 1809 is loaded. Imagick will run but may behave surprisingly in Unknown on line 0
[30-Nov-2025 03:18:35 UTC] PHP Warning:  Version warning: Imagick was compiled against ImageMagick version 1808 but version 1809 is loaded. Imagick will run but may behave surprisingly in Unknown on line 0
[30-Nov-2025 03:18:36 UTC] PHP Warning:  Version warning: Imagick was compiled against ImageMagick version 1808 but version 1809 is loaded. Imagick will run but may behave surprisingly in Unknown on line 0
[30-Nov-2025 03:18:36 UTC] PHP Warning:  Version warning: Imagick was compiled against ImageMagick version 1808 but version 1809 is loaded. Imagick will run but may behave surprisingly in Unknown on line 0
[30-Nov-2025 03:18:37 UTC] PHP Warning:  Version warning: Imagick was compiled against ImageMagick version 1808 but version 1809 is loaded. Imagick will run but may behave surprisingly in Unknown on line 0
[30-Nov-2025 03:18:38 UTC] PHP Warning:  Version warning: Imagick was compiled against ImageMagick version 1808 but version 1809 is loaded. Imagick will run but may behave surprisingly in Unknown on line 0
[30-Nov-2025 03:18:38 UTC] PHP Warning:  Version warning: Imagick was compiled against ImageMagick version 1808 but version 1809 is loaded. Imagick will run but may behave surprisingly in Unknown on line 0
[30-Nov-2025 03:18:39 UTC] PHP Warning:  Version warning: Imagick was compiled against ImageMagick version 1808 but version 1809 is loaded. Imagick will run but may behave surprisingly in Unknown on line 0
[30-Nov-2025 03:19:24 UTC] PHP Warning:  Version warning: Imagick was compiled against ImageMagick version 1808 but version 1809 is loaded. Imagick will run but may behave surprisingly in Unknown on line 0
[01-Dec-2025 21:10:31 UTC] PHP Warning:  Version warning: Imagick was compiled against ImageMagick version 1808 but version 1809 is loaded. Imagick will run but may behave surprisingly in Unknown on line 0
[01-Dec-2025 21:10:37 UTC] PHP Warning:  Version warning: Imagick was compiled against ImageMagick version 1808 but version 1809 is loaded. Imagick will run but may behave surprisingly in Unknown on line 0
[01-Dec-2025 21:10:43 UTC] Cron reschedule event error for hook: wp_update_themes, Error code: could_not_set, Error message: The cron event list could not be saved., Data: {"schedule":"twicedaily","args":[],"interval":43200}
[01-Dec-2025 21:10:43 UTC] PHP Warning:  Version warning: Imagick was compiled against ImageMagick version 1808 but version 1809 is loaded. Imagick will run but may behave surprisingly in Unknown on line 0
[01-Dec-2025 21:10:57 UTC] PHP Warning:  Version warning: Imagick was compiled against ImageMagick version 1808 but version 1809 is loaded. Imagick will run but may behave surprisingly in Unknown on line 0
[01-Dec-2025 21:10:57 UTC] PHP Warning:  Version warning: Imagick was compiled against ImageMagick version 1808 but version 1809 is loaded. Imagick will run but may behave surprisingly in Unknown on line 0
[01-Dec-2025 21:10:57 UTC] PHP Warning:  Version warning: Imagick was compiled against ImageMagick version 1808 but version 1809 is loaded. Imagick will run but may behave surprisingly in Unknown on line 0
[01-Dec-2025 21:10:57 UTC] PHP Warning:  Version warning: Imagick was compiled against ImageMagick version 1808 but version 1809 is loaded. Imagick will run but may behave surprisingly in Unknown on line 0
[01-Dec-2025 21:10:57 UTC] PHP Warning:  Version warning: Imagick was compiled against ImageMagick version 1808 but version 1809 is loaded. Imagick will run but may behave surprisingly in Unknown on line 0
[01-Dec-2025 21:10:58 UTC] PHP Warning:  Version warning: Imagick was compiled against ImageMagick version 1808 but version 1809 is loaded. Imagick will run but may behave surprisingly in Unknown on line 0
[15-Dec-2025 01:20:26 UTC] PHP Warning:  Version warning: Imagick was compiled against ImageMagick version 1808 but version 1809 is loaded. Imagick will run but may behave surprisingly in Unknown on line 0
[15-Dec-2025 01:20:27 UTC] PHP Warning:  Version warning: Imagick was compiled against ImageMagick version 1808 but version 1809 is loaded. Imagick will run but may behave surprisingly in Unknown on line 0
[15-Dec-2025 01:21:01 UTC] PHP Warning:  Failed loading Zend extension 'php_opcache.dll' (tried: C:/Users/PCS/AppData/Roaming/Local/lightning-services/php-8.2.27+1/bin/win64/ext\php_opcache.dll (The specified procedure could not be found), C:/Users/PCS/AppData/Roaming/Local/lightning-services/php-8.2.27+1/bin/win64/ext\php_php_opcache.dll.dll (The specified module could not be found)) in Unknown on line 0
[15-Dec-2025 01:21:01 UTC] PHP Warning:  PHP Startup: curl: Unable to initialize module
Module compiled with module API=20220829
PHP    compiled with module API=20240924
These options need to match
 in Unknown on line 0
[15-Dec-2025 01:21:01 UTC] PHP Warning:  PHP Startup: gettext: Unable to initialize module
Module compiled with module API=20220829
PHP    compiled with module API=20240924
These options need to match
 in Unknown on line 0
[15-Dec-2025 01:21:01 UTC] PHP Warning:  PHP Startup: Unable to load dynamic library 'php_openssl.dll' (tried: C:/Users/PCS/AppData/Roaming/Local/lightning-services/php-8.2.27+1/bin/win64/ext\php_openssl.dll (The specified procedure could not be found), C:/Users/PCS/AppData/Roaming/Local/lightning-services/php-8.2.27+1/bin/win64/ext\php_php_openssl.dll.dll (The specified module could not be found)) in Unknown on line 0
[15-Dec-2025 01:21:01 UTC] PHP Warning:  PHP Startup: exif: Unable to initialize module
Module compiled with module API=20220829
PHP    compiled with module API=20240924
These options need to match
 in Unknown on line 0
[15-Dec-2025 01:21:01 UTC] PHP Warning:  PHP Startup: gd: Unable to initialize module
Module compiled with module API=20220829
PHP    compiled with module API=20240924
These options need to match
 in Unknown on line 0
[15-Dec-2025 01:21:01 UTC] PHP Warning:  PHP Startup: ftp: Unable to initialize module
Module compiled with module API=20220829
PHP    compiled with module API=20240924
These options need to match
 in Unknown on line 0
[15-Dec-2025 01:21:01 UTC] PHP Warning:  PHP Startup: FFI: Unable to initialize module
Module compiled with module API=20220829
PHP    compiled with module API=20240924
These options need to match
 in Unknown on line 0
[15-Dec-2025 01:21:01 UTC] PHP Warning:  PHP Startup: imap: Unable to initialize module
Module compiled with module API=20220829
PHP    compiled with module API=20240924
These options need to match
 in Unknown on line 0
[15-Dec-2025 01:21:01 UTC] PHP Warning:  PHP Startup: bz2: Unable to initialize module
Module compiled with module API=20220829
PHP    compiled with module API=20240924
These options need to match
 in Unknown on line 0
[15-Dec-2025 01:21:01 UTC] PHP Warning:  PHP Startup: mbstring: Unable to initialize module
Module compiled with module API=20220829
PHP    compiled with module API=20240924
These options need to match
 in Unknown on line 0
[15-Dec-2025 01:21:01 UTC] PHP Warning:  PHP Startup: sodium: Unable to initialize module
Module compiled with module API=20220829
PHP    compiled with module API=20240924
These options need to match
 in Unknown on line 0
[15-Dec-2025 01:21:01 UTC] PHP Warning:  PHP Startup: tidy: Unable to initialize module
Module compiled with module API=20220829
PHP    compiled with module API=20240924
These options need to match
 in Unknown on line 0
[15-Dec-2025 01:21:01 UTC] PHP Warning:  PHP Startup: xsl: Unable to initialize module
Module compiled with module API=20220829
PHP    compiled with module API=20240924
These options need to match
 in Unknown on line 0
[15-Dec-2025 01:21:01 UTC] PHP Warning:  PHP Startup: Unable to load dynamic library 'php_soap.dll' (tried: C:/Users/PCS/AppData/Roaming/Local/lightning-services/php-8.2.27+1/bin/win64/ext\php_soap.dll (The specified procedure could not be found), C:/Users/PCS/AppData/Roaming/Local/lightning-services/php-8.2.27+1/bin/win64/ext\php_php_soap.dll.dll (The specified module could not be found)) in Unknown on line 0
[15-Dec-2025 01:21:01 UTC] PHP Warning:  PHP Startup: mysqli: Unable to initialize module
Module compiled with module API=20220829
PHP    compiled with module API=20240924
These options need to match
 in Unknown on line 0
[15-Dec-2025 01:21:01 UTC] PHP Warning:  PHP Startup: pdo_mysql: Unable to initialize module
Module compiled with module API=20220829
PHP    compiled with module API=20240924
These options need to match
 in Unknown on line 0
[15-Dec-2025 01:21:01 UTC] PHP Warning:  PHP Startup: fileinfo: Unable to initialize module
Module compiled with module API=20220829
PHP    compiled with module API=20240924
These options need to match
 in Unknown on line 0
[15-Dec-2025 01:21:01 UTC] PHP Warning:  PHP Startup: pdo_sqlite: Unable to initialize module
Module compiled with module API=20220829
PHP    compiled with module API=20240924
These options need to match
 in Unknown on line 0
[15-Dec-2025 01:21:01 UTC] PHP Warning:  PHP Startup: sqlite3: Unable to initialize module
Module compiled with module API=20220829
PHP    compiled with module API=20240924
These options need to match
 in Unknown on line 0
[15-Dec-2025 01:21:01 UTC] PHP Warning:  PHP Startup: zip: Unable to initialize module
Module compiled with module API=20220829
PHP    compiled with module API=20240924
These options need to match
 in Unknown on line 0
[15-Dec-2025 01:21:01 UTC] PHP Warning:  PHP Startup: imagick: Unable to initialize module
Module compiled with module API=20220829
PHP    compiled with module API=20240924
These options need to match
 in Unknown on line 0
[15-Dec-2025 01:21:01 UTC] PHP Warning:  PHP Startup: Unable to load dynamic library 'php_intl.dll' (tried: C:/Users/PCS/AppData/Roaming/Local/lightning-services/php-8.2.27+1/bin/win64/ext\php_intl.dll (The specified module could not be found), C:/Users/PCS/AppData/Roaming/Local/lightning-services/php-8.2.27+1/bin/win64/ext\php_php_intl.dll.dll (The specified module could not be found)) in Unknown on line 0
[15-Dec-2025 01:21:02 UTC] PHP Warning:  Version warning: Imagick was compiled against ImageMagick version 1808 but version 1809 is loaded. Imagick will run but may behave surprisingly in Unknown on line 0
[15-Dec-2025 01:21:03 UTC] PHP Warning:  Version warning: Imagick was compiled against ImageMagick version 1808 but version 1809 is loaded. Imagick will run but may behave surprisingly in Unknown on line 0
[15-Dec-2025 01:21:17 UTC] PHP Warning:  Version warning: Imagick was compiled against ImageMagick version 1808 but version 1809 is loaded. Imagick will run but may behave surprisingly in Unknown on line 0
[15-Dec-2025 01:21:17 UTC] PHP Warning:  Version warning: Imagick was compiled against ImageMagick version 1808 but version 1809 is loaded. Imagick will run but may behave surprisingly in Unknown on line 0
[15-Dec-2025 01:21:17 UTC] PHP Warning:  Version warning: Imagick was compiled against ImageMagick version 1808 but version 1809 is loaded. Imagick will run but may behave surprisingly in Unknown on line 0
[15-Dec-2025 01:21:17 UTC] PHP Warning:  Version warning: Imagick was compiled against ImageMagick version 1808 but version 1809 is loaded. Imagick will run but may behave surprisingly in Unknown on line 0
[15-Dec-2025 01:21:18 UTC] PHP Warning:  Version warning: Imagick was compiled against ImageMagick version 1808 but version 1809 is loaded. Imagick will run but may behave surprisingly in Unknown on line 0
[15-Dec-2025 01:21:19 UTC] PHP Warning:  Version warning: Imagick was compiled against ImageMagick version 1808 but version 1809 is loaded. Imagick will run but may behave surprisingly in Unknown on line 0
[15-Dec-2025 01:21:58 UTC] PHP Warning:  Version warning: Imagick was compiled against ImageMagick version 1808 but version 1809 is loaded. Imagick will run but may behave surprisingly in Unknown on line 0
[15-Dec-2025 02:10:40 UTC] PHP Warning:  Version warning: Imagick was compiled against ImageMagick version 1808 but version 1809 is loaded. Imagick will run but may behave surprisingly in Unknown on line 0
[15-Dec-2025 02:10:42 UTC] PHP Warning:  Version warning: Imagick was compiled against ImageMagick version 1808 but version 1809 is loaded. Imagick will run but may behave surprisingly in Unknown on line 0
[15-Dec-2025 02:10:42 UTC] PHP Warning:  Version warning: Imagick was compiled against ImageMagick version 1808 but version 1809 is loaded. Imagick will run but may behave surprisingly in Unknown on line 0
[15-Dec-2025 02:10:42 UTC] PHP Warning:  Version warning: Imagick was compiled against ImageMagick version 1808 but version 1809 is loaded. Imagick will run but may behave surprisingly in Unknown on line 0
[15-Dec-2025 02:10:42 UTC] PHP Warning:  Version warning: Imagick was compiled against ImageMagick version 1808 but version 1809 is loaded. Imagick will run but may behave surprisingly in Unknown on line 0
[15-Dec-2025 02:10:43 UTC] PHP Warning:  Version warning: Imagick was compiled against ImageMagick version 1808 but version 1809 is loaded. Imagick will run but may behave surprisingly in Unknown on line 0
[15-Dec-2025 02:10:43 UTC] PHP Warning:  Version warning: Imagick was compiled against ImageMagick version 1808 but version 1809 is loaded. Imagick will run but may behave surprisingly in Unknown on line 0
[15-Dec-2025 02:10:45 UTC] PHP Warning:  Version warning: Imagick was compiled against ImageMagick version 1808 but version 1809 is loaded. Imagick will run but may behave surprisingly in Unknown on line 0
[15-Dec-2025 02:10:45 UTC] PHP Warning:  Version warning: Imagick was compiled against ImageMagick version 1808 but version 1809 is loaded. Imagick will run but may behave surprisingly in Unknown on line 0
[15-Dec-2025 02:10:45 UTC] PHP Warning:  Version warning: Imagick was compiled against ImageMagick version 1808 but version 1809 is loaded. Imagick will run but may behave surprisingly in Unknown on line 0
[15-Dec-2025 02:10:45 UTC] PHP Warning:  Version warning: Imagick was compiled against ImageMagick version 1808 but version 1809 is loaded. Imagick will run but may behave surprisingly in Unknown on line 0
[15-Dec-2025 02:10:45 UTC] PHP Warning:  Version warning: Imagick was compiled against ImageMagick version 1808 but version 1809 is loaded. Imagick will run but may behave surprisingly in Unknown on line 0
[15-Dec-2025 02:10:46 UTC] PHP Warning:  Version warning: Imagick was compiled against ImageMagick version 1808 but version 1809 is loaded. Imagick will run but may behave surprisingly in Unknown on line 0
[17-Dec-2025 08:11:12 UTC] PHP Warning:  Version warning: Imagick was compiled against ImageMagick version 1808 but version 1809 is loaded. Imagick will run but may behave surprisingly in Unknown on line 0
[17-Dec-2025 08:11:13 UTC] PHP Warning:  Version warning: Imagick was compiled against ImageMagick version 1808 but version 1809 is loaded. Imagick will run but may behave surprisingly in Unknown on line 0
[17-Dec-2025 08:11:31 UTC] PHP Warning:  Version warning: Imagick was compiled against ImageMagick version 1808 but version 1809 is loaded. Imagick will run but may behave surprisingly in Unknown on line 0
[17-Dec-2025 08:11:45 UTC] PHP Warning:  Version warning: Imagick was compiled against ImageMagick version 1808 but version 1809 is loaded. Imagick will run but may behave surprisingly in Unknown on line 0
[17-Dec-2025 08:14:16 UTC] PHP Warning:  Version warning: Imagick was compiled against ImageMagick version 1808 but version 1809 is loaded. Imagick will run but may behave surprisingly in Unknown on line 0
[17-Dec-2025 08:14:16 UTC] PHP Warning:  Version warning: Imagick was compiled against ImageMagick version 1808 but version 1809 is loaded. Imagick will run but may behave surprisingly in Unknown on line 0
[17-Dec-2025 08:14:16 UTC] PHP Warning:  Version warning: Imagick was compiled against ImageMagick version 1808 but version 1809 is loaded. Imagick will run but may behave surprisingly in Unknown on line 0
[17-Dec-2025 08:14:16 UTC] PHP Warning:  Version warning: Imagick was compiled against ImageMagick version 1808 but version 1809 is loaded. Imagick will run but may behave surprisingly in Unknown on line 0
[17-Dec-2025 08:14:16 UTC] PHP Warning:  Version warning: Imagick was compiled against ImageMagick version 1808 but version 1809 is loaded. Imagick will run but may behave surprisingly in Unknown on line 0
[17-Dec-2025 08:14:18 UTC] PHP Warning:  Version warning: Imagick was compiled against ImageMagick version 1808 but version 1809 is loaded. Imagick will run but may behave surprisingly in Unknown on line 0
[17-Dec-2025 08:14:26 UTC] PHP Warning:  Version warning: Imagick was compiled against ImageMagick version 1808 but version 1809 is loaded. Imagick will run but may behave surprisingly in Unknown on line 0
[17-Dec-2025 08:14:26 UTC] PHP Warning:  Version warning: Imagick was compiled against ImageMagick version 1808 but version 1809 is loaded. Imagick will run but may behave surprisingly in Unknown on line 0
[17-Dec-2025 08:14:26 UTC] PHP Warning:  Version warning: Imagick was compiled against ImageMagick version 1808 but version 1809 is loaded. Imagick will run but may behave surprisingly in Unknown on line 0
[17-Dec-2025 08:14:26 UTC] PHP Warning:  Version warning: Imagick was compiled against ImageMagick version 1808 but version 1809 is loaded. Imagick will run but may behave surprisingly in Unknown on line 0
[17-Dec-2025 08:14:27 UTC] PHP Warning:  Version warning: Imagick was compiled against ImageMagick version 1808 but version 1809 is loaded. Imagick will run but may behave surprisingly in Unknown on line 0
[17-Dec-2025 08:14:27 UTC] PHP Warning:  Version warning: Imagick was compiled against ImageMagick version 1808 but version 1809 is loaded. Imagick will run but may behave surprisingly in Unknown on line 0
[17-Dec-2025 08:14:32 UTC] PHP Warning:  Version warning: Imagick was compiled against ImageMagick version 1808 but version 1809 is loaded. Imagick will run but may behave surprisingly in Unknown on line 0
[17-Dec-2025 08:14:38 UTC] PHP Warning:  Version warning: Imagick was compiled against ImageMagick version 1808 but version 1809 is loaded. Imagick will run but may behave surprisingly in Unknown on line 0
[17-Dec-2025 08:14:38 UTC] PHP Warning:  Version warning: Imagick was compiled against ImageMagick version 1808 but version 1809 is loaded. Imagick will run but may behave surprisingly in Unknown on line 0
[17-Dec-2025 08:14:38 UTC] PHP Warning:  Version warning: Imagick was compiled against ImageMagick version 1808 but version 1809 is loaded. Imagick will run but may behave surprisingly in Unknown on line 0
[17-Dec-2025 08:14:38 UTC] PHP Warning:  Version warning: Imagick was compiled against ImageMagick version 1808 but version 1809 is loaded. Imagick will run but may behave surprisingly in Unknown on line 0
[17-Dec-2025 08:14:44 UTC] PHP Warning:  Version warning: Imagick was compiled against ImageMagick version 1808 but version 1809 is loaded. Imagick will run but may behave surprisingly in Unknown on line 0
[17-Dec-2025 08:14:45 UTC] PHP Warning:  Version warning: Imagick was compiled against ImageMagick version 1808 but version 1809 is loaded. Imagick will run but may behave surprisingly in Unknown on line 0
[17-Dec-2025 08:14:45 UTC] PHP Warning:  Version warning: Imagick was compiled against ImageMagick version 1808 but version 1809 is loaded. Imagick will run but may behave surprisingly in Unknown on line 0
[17-Dec-2025 08:14:45 UTC] PHP Warning:  Version warning: Imagick was compiled against ImageMagick version 1808 but version 1809 is loaded. Imagick will run but may behave surprisingly in Unknown on line 0
[17-Dec-2025 08:14:46 UTC] PHP Warning:  Version warning: Imagick was compiled against ImageMagick version 1808 but version 1809 is loaded. Imagick will run but may behave surprisingly in Unknown on line 0
